<?xml version="1.0" encoding="UTF-8"?>
<!-- Generated by org.testng.reporters.JUnitReportReporter -->
<testsuite hostname="DESKTOP-U67QH3E" failures="0" tests="1" name="tenHello.Tenhello" time="0.018" errors="0" timestamp="10 12æœˆ 2018 08:12:24 GMT" skipped="0">
  <testcase classname="tenHello.Tenhello" name="tenHello" time="0.018"/>
</testsuite> <!-- tenHello.Tenhello -->
