<?xml version="1.0" encoding="UTF-8"?>
<!-- Generated by org.testng.reporters.JUnitReportReporter -->
<testsuite hostname="DESKTOP-U67QH3E" failures="0" tests="1" name="com.webtest.xinhu_personal.Lanxi" time="96.024" errors="0" timestamp="05 12æœˆ 2018 07:34:34 GMT" skipped="0">
  <testcase classname="com.webtest.xinhu_personal.Lanxi" name="testSearch" time="96.024"/>
</testsuite> <!-- com.webtest.xinhu_personal.Lanxi -->
