<?xml version="1.0" encoding="UTF-8"?>
<!-- Generated by org.testng.reporters.JUnitReportReporter -->
<testsuite skipped="0" hostname="DESKTOP-U67QH3E" name="com.webtest.xinhu_personal.ReInfor" tests="4" failures="0" timestamp="07 十二月 2018 01:54:00 GMT" time="19.994" errors="0">
  <testcase name="reInfor2" time="0.018" classname="com.webtest.xinhu_personal.ReInfor"/>
  <testcase name="reInfor1" time="3.296" classname="com.webtest.xinhu_personal.ReInfor"/>
  <testcase name="enterInfor" time="9.835" classname="com.webtest.xinhu_personal.ReInfor"/>
  <testcase name="login3" time="6.845" classname="com.webtest.xinhu_personal.ReInfor"/>
</testsuite> <!-- com.webtest.xinhu_personal.ReInfor -->
