<?xml version="1.0" encoding="UTF-8"?>
<!-- Generated by org.testng.reporters.JUnitReportReporter -->
<testsuite skipped="0" hostname="DESKTOP-U67QH3E" name="com.webtest.xinhu_personal.Login" tests="6" failures="0" timestamp="07 十二月 2018 01:54:00 GMT" time="20.531" errors="0">
  <testcase name="login" time="3.363" classname="com.webtest.xinhu_personal.Login"/>
  <testcase name="login" time="3.371" classname="com.webtest.xinhu_personal.Login"/>
  <testcase name="openBrower" time="3.604" classname="com.webtest.xinhu_personal.Login"/>
  <testcase name="login" time="3.436" classname="com.webtest.xinhu_personal.Login"/>
  <testcase name="login" time="3.381" classname="com.webtest.xinhu_personal.Login"/>
  <testcase name="loginsuccess" time="3.376" classname="com.webtest.xinhu_personal.Login"/>
</testsuite> <!-- com.webtest.xinhu_personal.Login -->
