<?xml version="1.0" encoding="UTF-8"?>
<!-- Generated by org.testng.reporters.JUnitReportReporter -->
<testsuite skipped="0" hostname="DESKTOP-U67QH3E" name="com.webtest.demo.Admin_Login" tests="3" failures="0" timestamp="28 十一月 2018 05:54:21 GMT" time="19.614" errors="0">
  <testcase name="testLogin" time="6.718" classname="com.webtest.demo.Admin_Login"/>
  <testcase name="testLogin" time="6.466" classname="com.webtest.demo.Admin_Login"/>
  <testcase name="testLogin" time="6.430" classname="com.webtest.demo.Admin_Login"/>
</testsuite> <!-- com.webtest.demo.Admin_Login -->
