<?xml version="1.0" encoding="UTF-8"?>
<!-- Generated by org.testng.reporters.JUnitReportReporter -->
<testsuite skipped="0" hostname="DESKTOP-U67QH3E" name="com.webtest.xinhu_personal.AddrList" tests="5" failures="0" timestamp="07 十二月 2018 01:54:00 GMT" time="26.482" errors="0">
  <testcase name="login1" time="6.714" classname="com.webtest.xinhu_personal.AddrList"/>
  <testcase name="searchList" time="3.313" classname="com.webtest.xinhu_personal.AddrList"/>
  <testcase name="searchList" time="3.333" classname="com.webtest.xinhu_personal.AddrList"/>
  <testcase name="addrList" time="9.775" classname="com.webtest.xinhu_personal.AddrList"/>
  <testcase name="searchList" time="3.347" classname="com.webtest.xinhu_personal.AddrList"/>
</testsuite> <!-- com.webtest.xinhu_personal.AddrList -->
